Build started 2/25/2013 7:19:32 PM.
Project "C:\Users\Coleman\Documents\Visual Studio 2010\Projects\Assignment3.0\Final3\myRayTracer\myRayTracer\myRayTracer.vcxproj" on node 2 (build target(s)).
InitializeBuildStatus:
  Creating "Debug\myRayTracer.unsuccessfulbuild" because "AlwaysCreate" was specified.
ClCompile:
  c:\Program Files (x86)\Microsoft Visual Studio 10.0\VC\bin\CL.exe /c /ZI /nologo /W3 /WX- /Od /Oy- /D _MBCS /Gm /EHsc /RTC1 /MDd /GS /fp:precise /Zc:wchar_t /Zc:forScope /Fo"Debug\\" /Fd"Debug\vc100.pdb" /Gd /TP /analyze- /errorReport:prompt Sphere.cpp
  Sphere.cpp
c:\users\coleman\documents\visual studio 2010\projects\assignment3.0\final3\myraytracer\myraytracer\sphere.cpp(58): warning C4244: 'initializing' : conversion from 'float' to 'int', possible loss of data
c:\users\coleman\documents\visual studio 2010\projects\assignment3.0\final3\myraytracer\myraytracer\sphere.cpp(96): warning C4305: 'initializing' : truncation from 'double' to 'float'
c:\users\coleman\documents\visual studio 2010\projects\assignment3.0\final3\myraytracer\myraytracer\sphere.cpp(140): warning C4244: 'argument' : conversion from 'double' to 'float', possible loss of data
c:\users\coleman\documents\visual studio 2010\projects\assignment3.0\final3\myraytracer\myraytracer\sphere.cpp(152): warning C4244: 'initializing' : conversion from 'double' to 'float', possible loss of data
c:\users\coleman\documents\visual studio 2010\projects\assignment3.0\final3\myraytracer\myraytracer\sphere.cpp(157): warning C4244: 'initializing' : conversion from 'double' to 'float', possible loss of data
c:\users\coleman\documents\visual studio 2010\projects\assignment3.0\final3\myraytracer\myraytracer\sphere.cpp(159): warning C4244: 'initializing' : conversion from 'double' to 'float', possible loss of data
Link:
  c:\Program Files (x86)\Microsoft Visual Studio 10.0\VC\bin\link.exe /ERRORREPORT:PROMPT /OUT:"C:\Users\Coleman\Documents\Visual Studio 2010\Projects\Assignment3.0\Final3\myRayTracer\Debug\myRayTracer.exe" /NOLOGO kernel32.lib user32.lib gdi32.lib winspool.lib comdlg32.lib advapi32.lib shell32.lib ole32.lib oleaut32.lib uuid.lib odbc32.lib odbccp32.lib /MANIFEST /ManifestFile:"Debug\myRayTracer.exe.intermediate.manifest" /MANIFESTUAC:"level='asInvoker' uiAccess='false'" /DEBUG /PDB:"C:\Users\Coleman\Documents\Visual Studio 2010\Projects\Assignment3.0\Final3\myRayTracer\Debug\myRayTracer.pdb" /TLBID:1 /DYNAMICBASE /NXCOMPAT /IMPLIB:"C:\Users\Coleman\Documents\Visual Studio 2010\Projects\Assignment3.0\Final3\myRayTracer\Debug\myRayTracer.lib" /MACHINE:X86 Debug\Box.obj
  Debug\camera.obj
  Debug\EasyBMP.obj
  Debug\lightSource.obj
  Debug\Plane.obj
  Debug\Ray.obj
  Debug\raytrace.obj
  Debug\Scene.obj
  Debug\Shape.obj
  Debug\Sphere.obj
  Debug\vectorMath.obj
  LINK : C:\Users\Coleman\Documents\Visual Studio 2010\Projects\Assignment3.0\Final3\myRayTracer\Debug\myRayTracer.exe not found or not built by the last incremental link; performing full link
  myRayTracer.vcxproj -> C:\Users\Coleman\Documents\Visual Studio 2010\Projects\Assignment3.0\Final3\myRayTracer\Debug\myRayTracer.exe
Manifest:
  C:\Program Files (x86)\Microsoft SDKs\Windows\v7.0A\bin\mt.exe /nologo /verbose /outputresource:"C:\Users\Coleman\Documents\Visual Studio 2010\Projects\Assignment3.0\Final3\myRayTracer\Debug\myRayTracer.exe;#1" /manifest Debug\myRayTracer.exe.intermediate.manifest
FinalizeBuildStatus:
  Deleting file "Debug\myRayTracer.unsuccessfulbuild".
  Touching "Debug\myRayTracer.lastbuildstate".
Done Building Project "C:\Users\Coleman\Documents\Visual Studio 2010\Projects\Assignment3.0\Final3\myRayTracer\myRayTracer\myRayTracer.vcxproj" (build target(s)).

Build succeeded.

Time Elapsed 00:00:04.37
